
SQL*Loader: Release 11.2.0.1.0 - Production on Thu Nov 19 17:31:56 2015

Copyright (c) 1982, 2009, Oracle and/or its affiliates.  All rights reserved.

Control File:   C:\AutoMated_DataLoad_Jobs\test\ilwm\control\ilwm.ctl
Data File:      C:\AutoMated_DataLoad_Jobs\test\ilwm\toprocess\RDU2016IdentifierList.csv
  Bad File:     C:\AutoMated_DataLoad_Jobs\test\ilwm\log\RDU2016IdentifierList.xlsx.bad
  Discard File: RDU 2016 Identifier List.dsc 
 (Allow all discards)

Number to load: ALL
Number to skip: 1
Errors allowed: 50
Bind array:     64 rows, maximum of 256000 bytes
Continuation:    none specified
Path used:      Conventional

Table PERSON_ILWM_RAW, loaded from every logical record.
Insert option in effect for this table: TRUNCATE
TRAILING NULLCOLS option in effect

   Column Name                  Position   Len  Term Encl Datatype
------------------------------ ---------- ----- ---- ---- ---------------------
PERSON_ID                           FIRST     *   ,  O(") CHARACTER            
    SQL string for column : "TRIM(:person_id)"
LAST_NAME                            NEXT     *   ,  O(") CHARACTER            
    SQL string for column : "TRIM(:Last_Name)"
FIRST_NAME                           NEXT     *   ,  O(") CHARACTER            
    SQL string for column : "TRIM(:First_Name)"


Table PERSON_ILWM_RAW:
  290 Rows successfully loaded.
  0 Rows not loaded due to data errors.
  0 Rows not loaded because all WHEN clauses were failed.
  0 Rows not loaded because all fields were null.


Space allocated for bind array:                  49536 bytes(64 rows)
Read   buffer bytes: 1048576

Total logical records skipped:          1
Total logical records read:           290
Total logical records rejected:         0
Total logical records discarded:        0

Run began on Thu Nov 19 17:31:56 2015
Run ended on Thu Nov 19 17:31:57 2015

Elapsed time was:     00:00:00.17
CPU time was:         00:00:00.03
