
SQL*Loader: Release 11.2.0.1.0 - Production on Fri Apr 3 14:43:30 2015

Copyright (c) 1982, 2009, Oracle and/or its affiliates.  All rights reserved.

Control File:   C:\AutoMated_DataLoad_Jobs\test\EPS\control\EPS.ctl
Data File:      C:\AutoMated_DataLoad_Jobs\test\EPS\toprocess\EPSEligibilityFileNovDec8error.csv
  Bad File:     C:\AutoMated_DataLoad_Jobs\test\EPS\log\EPSEligibilityFileNovDec8error.xlsx.bad
  Discard File: EPS Eligibility File.dsc 
 (Allow all discards)

Number to load: ALL
Number to skip: 1
Errors allowed: 50
Bind array:     64 rows, maximum of 256000 bytes
Continuation:    none specified
Path used:      Conventional

Table EPS_RAW, loaded from every logical record.
Insert option in effect for this table: TRUNCATE
TRAILING NULLCOLS option in effect

   Column Name                  Position   Len  Term Encl Datatype
------------------------------ ---------- ----- ---- ---- ---------------------
EMP_ID                              FIRST     *   ,  O(") CHARACTER            
    SQL string for column : "trim(:Emp_ID)"
FIRST_NM                             NEXT     *   ,  O(") CHARACTER            
    SQL string for column : "trim(:First_nm)"
LAST_NM                              NEXT     *   ,  O(") CHARACTER            
    SQL string for column : "trim(:Last_nm)"
ADDR_TXT                             NEXT     *   ,  O(") CHARACTER            
    SQL string for column : "trim(:addr_txt)"
CITY_TXT                             NEXT     *   ,  O(") CHARACTER            
    SQL string for column : "trim(:city_txt)"
ST_CD                                NEXT     *   ,  O(") CHARACTER            
    SQL string for column : "trim(:st_cd)"
ZIP_CD                               NEXT     *   ,  O(") CHARACTER            
    SQL string for column : "trim(:ZIP_CD)"
DOB_DT                               NEXT     *   ,  O(") DATE mm/dd/yyyy      
GENDER_CD                            NEXT     *   ,  O(") CHARACTER            
    SQL string for column : "trim(:gender_cd)"
CLASS_CD                             NEXT     *   ,  O(") CHARACTER            
    SQL string for column : "trim(:class_cd)"

Record 1: Rejected - Error on table EPS_RAW, column DOB_DT.
ORA-01861: literal does not match format string


Table EPS_RAW:
  64 Rows successfully loaded.
  1 Row not loaded due to data errors.
  0 Rows not loaded because all WHEN clauses were failed.
  0 Rows not loaded because all fields were null.


Space allocated for bind array:                 165120 bytes(64 rows)
Read   buffer bytes: 1048576

Total logical records skipped:          1
Total logical records read:            65
Total logical records rejected:         1
Total logical records discarded:        0

Run began on Fri Apr 03 14:43:30 2015
Run ended on Fri Apr 03 14:43:30 2015

Elapsed time was:     00:00:00.17
CPU time was:         00:00:00.04
