
SQL*Loader: Release 11.2.0.1.0 - Production on Fri Apr 3 14:40:25 2015

Copyright (c) 1982, 2009, Oracle and/or its affiliates.  All rights reserved.

Control File:   C:\AutoMated_DataLoad_Jobs\test\EPS\control\EPS.ctl
Data File:      C:\AutoMated_DataLoad_Jobs\test\EPS\toprocess\EPSEligibilityFileNovDec8blank(2).csv
  Bad File:     C:\AutoMated_DataLoad_Jobs\test\EPS\log\EPSEligibilityFileNovDec8blank(2).xlsx.bad
  Discard File: EPS Eligibility File.dsc 
 (Allow all discards)

Number to load: ALL
Number to skip: 1
Errors allowed: 50
Bind array:     64 rows, maximum of 256000 bytes
Continuation:    none specified
Path used:      Conventional

Table EPS_RAW, loaded from every logical record.
Insert option in effect for this table: TRUNCATE
TRAILING NULLCOLS option in effect

   Column Name                  Position   Len  Term Encl Datatype
------------------------------ ---------- ----- ---- ---- ---------------------
EMP_ID                              FIRST     *   ,  O(") CHARACTER            
    SQL string for column : "trim(:Emp_ID)"
FIRST_NM                             NEXT     *   ,  O(") CHARACTER            
    SQL string for column : "trim(:First_nm)"
LAST_NM                              NEXT     *   ,  O(") CHARACTER            
    SQL string for column : "trim(:Last_nm)"
ADDR_TXT                             NEXT     *   ,  O(") CHARACTER            
    SQL string for column : "trim(:addr_txt)"
CITY_TXT                             NEXT     *   ,  O(") CHARACTER            
    SQL string for column : "trim(:city_txt)"
ST_CD                                NEXT     *   ,  O(") CHARACTER            
    SQL string for column : "trim(:st_cd)"
ZIP_CD                               NEXT     *   ,  O(") CHARACTER            
    SQL string for column : "trim(:ZIP_CD)"
DOB_DT                               NEXT     *   ,  O(") DATE mm/dd/yyyy      
GENDER_CD                            NEXT     *   ,  O(") CHARACTER            
    SQL string for column : "trim(:gender_cd)"
CLASS_CD                             NEXT     *   ,  O(") CHARACTER            
    SQL string for column : "trim(:class_cd)"

Record 1: Discarded - all columns null.
Record 2: Discarded - all columns null.
Record 3: Discarded - all columns null.
Record 4: Discarded - all columns null.
Record 5: Discarded - all columns null.
Record 6: Discarded - all columns null.
Record 7: Discarded - all columns null.
Record 8: Discarded - all columns null.
Record 9: Discarded - all columns null.
Record 10: Discarded - all columns null.
Record 11: Discarded - all columns null.
Record 12: Discarded - all columns null.
Record 13: Discarded - all columns null.
Record 14: Discarded - all columns null.
Record 15: Discarded - all columns null.
Record 16: Discarded - all columns null.
Record 17: Discarded - all columns null.
Record 18: Discarded - all columns null.
Record 19: Discarded - all columns null.
Record 20: Discarded - all columns null.
Record 21: Discarded - all columns null.
Record 22: Discarded - all columns null.
Record 23: Discarded - all columns null.
Record 24: Discarded - all columns null.
Record 25: Discarded - all columns null.
Record 26: Discarded - all columns null.
Record 27: Discarded - all columns null.
Record 28: Discarded - all columns null.
Record 29: Discarded - all columns null.
Record 30: Discarded - all columns null.
Record 31: Discarded - all columns null.
Record 32: Discarded - all columns null.
Record 33: Discarded - all columns null.
Record 34: Discarded - all columns null.
Record 35: Discarded - all columns null.
Record 36: Discarded - all columns null.
Record 37: Discarded - all columns null.
Record 38: Discarded - all columns null.
Record 39: Discarded - all columns null.
Record 40: Discarded - all columns null.
Record 41: Discarded - all columns null.
Record 42: Discarded - all columns null.
Record 43: Discarded - all columns null.
Record 44: Discarded - all columns null.
Record 45: Discarded - all columns null.
Record 46: Discarded - all columns null.
Record 47: Discarded - all columns null.
Record 48: Discarded - all columns null.
Record 49: Discarded - all columns null.
Record 50: Discarded - all columns null.
Record 51: Discarded - all columns null.
Record 52: Discarded - all columns null.
Record 53: Discarded - all columns null.
Record 54: Discarded - all columns null.
Record 55: Discarded - all columns null.
Record 56: Discarded - all columns null.
Record 57: Discarded - all columns null.
Record 58: Discarded - all columns null.
Record 59: Discarded - all columns null.
Record 60: Discarded - all columns null.
Record 61: Discarded - all columns null.
Record 62: Discarded - all columns null.
Record 63: Discarded - all columns null.
Record 64: Discarded - all columns null.
Record 65: Discarded - all columns null.

Table EPS_RAW:
  0 Rows successfully loaded.
  0 Rows not loaded due to data errors.
  0 Rows not loaded because all WHEN clauses were failed.
  65 Rows not loaded because all fields were null.


Space allocated for bind array:                 165120 bytes(64 rows)
Read   buffer bytes: 1048576

Total logical records skipped:          1
Total logical records read:            65
Total logical records rejected:         0
Total logical records discarded:       65

Run began on Fri Apr 03 14:40:25 2015
Run ended on Fri Apr 03 14:40:25 2015

Elapsed time was:     00:00:00.09
CPU time was:         00:00:00.02
