
SQL*Plus: Release 11.2.0.1.0 Production on Wed Jul 22 15:50:35 2015

Copyright (c) 1982, 2010, Oracle.  All rights reserved.


Connected to:
Oracle Database 11g Enterprise Edition Release 11.2.0.3.0 - 64bit Production
With the Partitioning, OLAP, Data Mining and Real Application Testing options


0 rows created.


0 rows created.


0 rows created.


0 rows created.


0 rows created.


0 rows created.


0 rows created.


0 rows created.


0 rows created.


0 rows created.


0 rows created.


0 rows created.


0 rows created.


0 rows created.


0 rows created.


0 rows created.


33 rows created.

Disconnected from Oracle Database 11g Enterprise Edition Release 11.2.0.3.0 - 64bit Production
With the Partitioning, OLAP, Data Mining and Real Application Testing options
