
SQL*Loader: Release 11.2.0.1.0 - Production on Tue Oct 13 17:28:35 2015

Copyright (c) 1982, 2009, Oracle and/or its affiliates.  All rights reserved.

Control File:   C:\AutoMated_DataLoad_Jobs\test\bellevue_hospital\control\bellevue_hospital.ctl
Data File:      C:\AutoMated_DataLoad_Jobs\test\bellevue_hospital\toprocess\TheBellevueHospitalEligibility2015.csv
  Bad File:     C:\AutoMated_DataLoad_Jobs\test\bellevue_hospital\log\TheBellevueHospitalEligibility2015.csv.bad
  Discard File: belle.dsc 
 (Allow all discards)

Number to load: ALL
Number to skip: 1
Errors allowed: 50
Bind array:     64 rows, maximum of 256000 bytes
Continuation:    none specified
Path used:      Conventional

Table PERSON_BELLEVUEHOSP_RAW, loaded from every logical record.
Insert option in effect for this table: APPEND
TRAILING NULLCOLS option in effect

   Column Name                  Position   Len  Term Encl Datatype
------------------------------ ---------- ----- ---- ---- ---------------------
LAST_NAME                           FIRST     *   ,  O(") CHARACTER            
    SQL string for column : "trim(:last_name)"
FIRST_NAME                           NEXT     *   ,  O(") CHARACTER            
    SQL string for column : "trim(:first_name)"
EEID                                 NEXT     *   ,  O(") CHARACTER            
    SQL string for column : "'BEL' || trim(:eeid)"


Table PERSON_BELLEVUEHOSP_RAW:
  422 Rows successfully loaded.
  0 Rows not loaded due to data errors.
  0 Rows not loaded because all WHEN clauses were failed.
  0 Rows not loaded because all fields were null.


Space allocated for bind array:                  49536 bytes(64 rows)
Read   buffer bytes: 1048576

Total logical records skipped:          1
Total logical records read:           422
Total logical records rejected:         0
Total logical records discarded:        0

Run began on Tue Oct 13 17:28:35 2015
Run ended on Tue Oct 13 17:28:35 2015

Elapsed time was:     00:00:00.11
CPU time was:         00:00:00.03
